{"/home/mohammed/Desktop/projects/goBlog/config/conn.js":{"path":"/home/mohammed/Desktop/projects/goBlog/config/conn.js","s":{"1":1,"2":1,"3":1,"4":1,"5":1,"6":1,"7":7,"8":7,"9":7,"10":0,"11":7,"12":1,"13":0,"14":0,"15":1,"16":6,"17":1,"18":1,"19":1,"20":0,"21":0,"22":1},"b":{"1":[1,1],"2":[0,1],"3":[0,7]},"f":{},"fnMap":{},"statementMap":{"1":{"start":{"line":2,"column":0},"end":{"line":2,"column":23}},"2":{"start":{"line":3,"column":0},"end":{"line":3,"column":31}},"3":{"start":{"line":4,"column":0},"end":{"line":4,"column":39}},"4":{"start":{"line":5,"column":0},"end":{"line":5,"column":96}},"5":{"start":{"line":6,"column":0},"end":{"line":15,"column":2}},"6":{"start":{"line":16,"column":0},"end":{"line":24,"column":2}},"7":{"start":{"line":17,"column":4},"end":{"line":17,"column":39}},"8":{"start":{"line":18,"column":4},"end":{"line":22,"column":7}},"9":{"start":{"line":19,"column":8},"end":{"line":21,"column":9}},"10":{"start":{"line":20,"column":12},"end":{"line":20,"column":22}},"11":{"start":{"line":23,"column":4},"end":{"line":23,"column":18}},"12":{"start":{"line":26,"column":0},"end":{"line":29,"column":2}},"13":{"start":{"line":27,"column":4},"end":{"line":27,"column":88}},"14":{"start":{"line":28,"column":4},"end":{"line":28,"column":33}},"15":{"start":{"line":31,"column":0},"end":{"line":34,"column":2}},"16":{"start":{"line":33,"column":4},"end":{"line":33,"column":28}},"17":{"start":{"line":35,"column":0},"end":{"line":37,"column":2}},"18":{"start":{"line":36,"column":4},"end":{"line":36,"column":27}},"19":{"start":{"line":38,"column":0},"end":{"line":41,"column":2}},"20":{"start":{"line":39,"column":2},"end":{"line":39,"column":47}},"21":{"start":{"line":40,"column":4},"end":{"line":40,"column":33}},"22":{"start":{"line":43,"column":0},"end":{"line":50,"column":2}}},"branchMap":{"1":{"line":5,"type":"binary-expr","locations":[{"start":{"line":5,"column":18},"end":{"line":5,"column":42}},{"start":{"line":5,"column":46},"end":{"line":5,"column":94}}]},"2":{"line":14,"type":"cond-expr","locations":[{"start":{"line":14,"column":36},"end":{"line":14,"column":40}},{"start":{"line":14,"column":43},"end":{"line":14,"column":48}}]},"3":{"line":19,"type":"if","locations":[{"start":{"line":19,"column":8},"end":{"line":19,"column":8}},{"start":{"line":19,"column":8},"end":{"line":19,"column":8}}]}}},"/home/mohammed/Desktop/projects/goBlog/config/sql.js":{"path":"/home/mohammed/Desktop/projects/goBlog/config/sql.js","s":{"1":1},"b":{},"f":{},"fnMap":{},"statementMap":{"1":{"start":{"line":3,"column":0},"end":{"line":36,"column":2}}},"branchMap":{}},"/home/mohammed/Desktop/projects/goBlog/Controllers/articles.js":{"path":"/home/mohammed/Desktop/projects/goBlog/Controllers/articles.js","s":{"1":1,"2":1,"3":1,"4":1,"5":1,"6":1,"7":1,"8":1,"9":1,"10":1,"11":1,"12":1,"13":1,"14":1,"15":1,"16":1,"17":1,"18":1,"19":1,"20":1,"21":1,"22":1,"23":0,"24":1,"25":1,"26":1,"27":1,"28":1,"29":1,"30":1,"31":1,"32":1,"33":1,"34":1,"35":1,"36":1,"37":1,"38":1},"b":{"1":[1,0],"2":[1,0]},"f":{"1":1,"2":1,"3":1,"4":1,"5":1,"6":1,"7":1},"fnMap":{"1":{"name":"insertData","line":4,"loc":{"start":{"line":4,"column":0},"end":{"line":4,"column":30}}},"2":{"name":"(anonymous_2)","line":17,"loc":{"start":{"line":17,"column":34},"end":{"line":17,"column":56}}},"3":{"name":"(anonymous_3)","line":25,"loc":{"start":{"line":25,"column":37},"end":{"line":25,"column":59}}},"4":{"name":"SelectData","line":46,"loc":{"start":{"line":46,"column":0},"end":{"line":46,"column":30}}},"5":{"name":"(anonymous_5)","line":49,"loc":{"start":{"line":49,"column":34},"end":{"line":49,"column":56}}},"6":{"name":"DeleteData","line":60,"loc":{"start":{"line":60,"column":0},"end":{"line":60,"column":30}}},"7":{"name":"(anonymous_7)","line":64,"loc":{"start":{"line":64,"column":31},"end":{"line":64,"column":53}}}},"statementMap":{"1":{"start":{"line":1,"column":0},"end":{"line":1,"column":29}},"2":{"start":{"line":2,"column":0},"end":{"line":2,"column":40}},"3":{"start":{"line":4,"column":0},"end":{"line":44,"column":1}},"4":{"start":{"line":5,"column":4},"end":{"line":5,"column":46}},"5":{"start":{"line":6,"column":4},"end":{"line":6,"column":36}},"6":{"start":{"line":7,"column":4},"end":{"line":7,"column":48}},"7":{"start":{"line":8,"column":4},"end":{"line":8,"column":40}},"8":{"start":{"line":9,"column":4},"end":{"line":9,"column":40}},"9":{"start":{"line":10,"column":4},"end":{"line":10,"column":36}},"10":{"start":{"line":11,"column":4},"end":{"line":11,"column":38}},"11":{"start":{"line":14,"column":4},"end":{"line":14,"column":24}},"12":{"start":{"line":15,"column":4},"end":{"line":15,"column":22}},"13":{"start":{"line":16,"column":4},"end":{"line":16,"column":97}},"14":{"start":{"line":17,"column":4},"end":{"line":43,"column":6}},"15":{"start":{"line":18,"column":8},"end":{"line":18,"column":29}},"16":{"start":{"line":19,"column":8},"end":{"line":19,"column":44}},"17":{"start":{"line":20,"column":8},"end":{"line":42,"column":9}},"18":{"start":{"line":21,"column":12},"end":{"line":24,"column":138}},"19":{"start":{"line":25,"column":12},"end":{"line":34,"column":15}},"20":{"start":{"line":26,"column":16},"end":{"line":26,"column":75}},"21":{"start":{"line":27,"column":16},"end":{"line":27,"column":51}},"22":{"start":{"line":28,"column":16},"end":{"line":33,"column":19}},"23":{"start":{"line":36,"column":12},"end":{"line":41,"column":25}},"24":{"start":{"line":46,"column":0},"end":{"line":58,"column":1}},"25":{"start":{"line":47,"column":4},"end":{"line":47,"column":46}},"26":{"start":{"line":48,"column":4},"end":{"line":48,"column":72}},"27":{"start":{"line":49,"column":4},"end":{"line":57,"column":7}},"28":{"start":{"line":50,"column":8},"end":{"line":50,"column":70}},"29":{"start":{"line":51,"column":8},"end":{"line":56,"column":11}},"30":{"start":{"line":60,"column":0},"end":{"line":71,"column":1}},"31":{"start":{"line":61,"column":4},"end":{"line":61,"column":46}},"32":{"start":{"line":62,"column":4},"end":{"line":62,"column":29}},"33":{"start":{"line":63,"column":4},"end":{"line":63,"column":67}},"34":{"start":{"line":64,"column":4},"end":{"line":70,"column":7}},"35":{"start":{"line":65,"column":8},"end":{"line":65,"column":70}},"36":{"start":{"line":66,"column":8},"end":{"line":68,"column":11}},"37":{"start":{"line":69,"column":8},"end":{"line":69,"column":54}},"38":{"start":{"line":72,"column":0},"end":{"line":76,"column":2}}},"branchMap":{"1":{"line":20,"type":"if","locations":[{"start":{"line":20,"column":8},"end":{"line":20,"column":8}},{"start":{"line":20,"column":8},"end":{"line":20,"column":8}}]},"2":{"line":20,"type":"binary-expr","locations":[{"start":{"line":20,"column":12},"end":{"line":20,"column":15}},{"start":{"line":20,"column":19},"end":{"line":20,"column":40}}]}}},"/home/mohammed/Desktop/projects/goBlog/server.js":{"path":"/home/mohammed/Desktop/projects/goBlog/server.js","s":{"1":1,"2":1,"3":1,"4":1,"5":1,"6":1,"7":1,"8":1,"9":1,"10":0,"11":1,"12":1,"13":1,"14":1,"15":1,"16":0,"17":1,"18":8,"19":1,"20":1,"21":1,"22":0,"23":1,"24":1},"b":{"1":[1,1],"2":[0,1],"3":[0,1],"4":[0,1]},"f":{"1":1,"2":1,"3":8},"fnMap":{"1":{"name":"(anonymous_1)","line":28,"loc":{"start":{"line":28,"column":3},"end":{"line":28,"column":18}}},"2":{"name":"(anonymous_2)","line":35,"loc":{"start":{"line":35,"column":3},"end":{"line":35,"column":17}}},"3":{"name":"(anonymous_3)","line":40,"loc":{"start":{"line":40,"column":22},"end":{"line":40,"column":41}}}},"statementMap":{"1":{"start":{"line":2,"column":0},"end":{"line":2,"column":29}},"2":{"start":{"line":4,"column":0},"end":{"line":4,"column":41}},"3":{"start":{"line":5,"column":0},"end":{"line":5,"column":33}},"4":{"start":{"line":6,"column":0},"end":{"line":6,"column":31}},"5":{"start":{"line":7,"column":0},"end":{"line":7,"column":33}},"6":{"start":{"line":8,"column":0},"end":{"line":8,"column":37}},"7":{"start":{"line":9,"column":0},"end":{"line":11,"column":3}},"8":{"start":{"line":12,"column":0},"end":{"line":16,"column":3}},"9":{"start":{"line":13,"column":4},"end":{"line":15,"column":5}},"10":{"start":{"line":14,"column":8},"end":{"line":14,"column":17}},"11":{"start":{"line":17,"column":0},"end":{"line":23,"column":2}},"12":{"start":{"line":25,"column":0},"end":{"line":32,"column":3}},"13":{"start":{"line":30,"column":2},"end":{"line":30,"column":23}},"14":{"start":{"line":33,"column":0},"end":{"line":37,"column":2}},"15":{"start":{"line":36,"column":4},"end":{"line":36,"column":22}},"16":{"start":{"line":36,"column":13},"end":{"line":36,"column":22}},"17":{"start":{"line":40,"column":0},"end":{"line":42,"column":3}},"18":{"start":{"line":41,"column":4},"end":{"line":41,"column":147}},"19":{"start":{"line":43,"column":0},"end":{"line":52,"column":3}},"20":{"start":{"line":54,"column":0},"end":{"line":59,"column":3}},"21":{"start":{"line":55,"column":4},"end":{"line":57,"column":5}},"22":{"start":{"line":56,"column":8},"end":{"line":56,"column":18}},"23":{"start":{"line":58,"column":4},"end":{"line":58,"column":57}},"24":{"start":{"line":61,"column":0},"end":{"line":61,"column":22}}},"branchMap":{"1":{"line":10,"type":"binary-expr","locations":[{"start":{"line":10,"column":10},"end":{"line":10,"column":26}},{"start":{"line":10,"column":30},"end":{"line":10,"column":34}}]},"2":{"line":13,"type":"if","locations":[{"start":{"line":13,"column":4},"end":{"line":13,"column":4}},{"start":{"line":13,"column":4},"end":{"line":13,"column":4}}]},"3":{"line":36,"type":"if","locations":[{"start":{"line":36,"column":4},"end":{"line":36,"column":4}},{"start":{"line":36,"column":4},"end":{"line":36,"column":4}}]},"4":{"line":55,"type":"if","locations":[{"start":{"line":55,"column":4},"end":{"line":55,"column":4}},{"start":{"line":55,"column":4},"end":{"line":55,"column":4}}]}}},"/home/mohammed/Desktop/projects/goBlog/route.js":{"path":"/home/mohammed/Desktop/projects/goBlog/route.js","s":{"1":1,"2":1,"3":1,"4":1,"5":1,"6":1,"7":1,"8":1,"9":1,"10":1,"11":1,"12":1,"13":1,"14":1,"15":1,"16":2,"17":2,"18":1,"19":1,"20":1,"21":1,"22":1,"23":1,"24":1,"25":1},"b":{},"f":{"1":1,"2":1,"3":1,"4":2,"5":1,"6":1,"7":1},"fnMap":{"1":{"name":"(anonymous_1)","line":31,"loc":{"start":{"line":31,"column":15},"end":{"line":31,"column":40}}},"2":{"name":"(anonymous_2)","line":38,"loc":{"start":{"line":38,"column":15},"end":{"line":38,"column":40}}},"3":{"name":"(anonymous_3)","line":45,"loc":{"start":{"line":45,"column":15},"end":{"line":45,"column":40}}},"4":{"name":"(anonymous_4)","line":53,"loc":{"start":{"line":53,"column":15},"end":{"line":53,"column":40}}},"5":{"name":"(anonymous_5)","line":65,"loc":{"start":{"line":65,"column":15},"end":{"line":65,"column":40}}},"6":{"name":"(anonymous_6)","line":77,"loc":{"start":{"line":77,"column":15},"end":{"line":77,"column":40}}},"7":{"name":"(anonymous_7)","line":84,"loc":{"start":{"line":84,"column":15},"end":{"line":84,"column":40}}}},"statementMap":{"1":{"start":{"line":2,"column":2},"end":{"line":2,"column":40}},"2":{"start":{"line":3,"column":2},"end":{"line":3,"column":31}},"3":{"start":{"line":4,"column":2},"end":{"line":4,"column":31}},"4":{"start":{"line":5,"column":2},"end":{"line":5,"column":43}},"5":{"start":{"line":6,"column":2},"end":{"line":6,"column":55}},"6":{"start":{"line":7,"column":2},"end":{"line":7,"column":48}},"7":{"start":{"line":8,"column":2},"end":{"line":16,"column":3}},"8":{"start":{"line":17,"column":2},"end":{"line":25,"column":3}},"9":{"start":{"line":28,"column":2},"end":{"line":34,"column":3}},"10":{"start":{"line":32,"column":10},"end":{"line":32,"column":42}},"11":{"start":{"line":35,"column":2},"end":{"line":41,"column":3}},"12":{"start":{"line":39,"column":10},"end":{"line":39,"column":37}},"13":{"start":{"line":42,"column":2},"end":{"line":48,"column":3}},"14":{"start":{"line":46,"column":10},"end":{"line":46,"column":39}},"15":{"start":{"line":50,"column":2},"end":{"line":61,"column":3}},"16":{"start":{"line":54,"column":10},"end":{"line":58,"column":11}},"17":{"start":{"line":59,"column":10},"end":{"line":59,"column":44}},"18":{"start":{"line":62,"column":2},"end":{"line":73,"column":3}},"19":{"start":{"line":66,"column":10},"end":{"line":70,"column":11}},"20":{"start":{"line":71,"column":10},"end":{"line":71,"column":45}},"21":{"start":{"line":74,"column":2},"end":{"line":80,"column":3}},"22":{"start":{"line":78,"column":10},"end":{"line":78,"column":45}},"23":{"start":{"line":81,"column":2},"end":{"line":87,"column":3}},"24":{"start":{"line":85,"column":10},"end":{"line":85,"column":45}},"25":{"start":{"line":88,"column":2},"end":{"line":88,"column":127}}},"branchMap":{}},"/home/mohammed/Desktop/projects/goBlog/Controllers/main.js":{"path":"/home/mohammed/Desktop/projects/goBlog/Controllers/main.js","s":{"1":1,"2":1,"3":1,"4":1,"5":1,"6":1,"7":1,"8":1,"9":1,"10":1,"11":1,"12":1,"13":1,"14":1,"15":1,"16":1,"17":1,"18":1,"19":1,"20":1,"21":1,"22":1,"23":1,"24":1,"25":0,"26":1,"27":1,"28":1},"b":{"1":[0,1],"2":[1,1]},"f":{"1":1,"2":1,"3":1,"4":1,"5":1,"6":1},"fnMap":{"1":{"name":"SelectData","line":4,"loc":{"start":{"line":4,"column":0},"end":{"line":4,"column":30}}},"2":{"name":"(anonymous_2)","line":7,"loc":{"start":{"line":7,"column":34},"end":{"line":7,"column":56}}},"3":{"name":"article","line":21,"loc":{"start":{"line":21,"column":0},"end":{"line":21,"column":27}}},"4":{"name":"(anonymous_4)","line":25,"loc":{"start":{"line":25,"column":34},"end":{"line":25,"column":56}}},"5":{"name":"login","line":38,"loc":{"start":{"line":38,"column":0},"end":{"line":38,"column":25}}},"6":{"name":"(anonymous_6)","line":44,"loc":{"start":{"line":44,"column":34},"end":{"line":44,"column":56}}}},"statementMap":{"1":{"start":{"line":1,"column":0},"end":{"line":1,"column":29}},"2":{"start":{"line":2,"column":0},"end":{"line":2,"column":40}},"3":{"start":{"line":4,"column":0},"end":{"line":19,"column":1}},"4":{"start":{"line":5,"column":4},"end":{"line":5,"column":46}},"5":{"start":{"line":6,"column":4},"end":{"line":6,"column":90}},"6":{"start":{"line":7,"column":4},"end":{"line":18,"column":7}},"7":{"start":{"line":8,"column":8},"end":{"line":8,"column":70}},"8":{"start":{"line":9,"column":8},"end":{"line":14,"column":10}},"9":{"start":{"line":15,"column":8},"end":{"line":17,"column":11}},"10":{"start":{"line":21,"column":0},"end":{"line":36,"column":1}},"11":{"start":{"line":22,"column":4},"end":{"line":22,"column":29}},"12":{"start":{"line":23,"column":4},"end":{"line":23,"column":76}},"13":{"start":{"line":24,"column":4},"end":{"line":24,"column":46}},"14":{"start":{"line":25,"column":4},"end":{"line":35,"column":6}},"15":{"start":{"line":26,"column":8},"end":{"line":31,"column":9}},"16":{"start":{"line":32,"column":8},"end":{"line":34,"column":11}},"17":{"start":{"line":38,"column":0},"end":{"line":55,"column":1}},"18":{"start":{"line":39,"column":4},"end":{"line":39,"column":36}},"19":{"start":{"line":40,"column":4},"end":{"line":40,"column":42}},"20":{"start":{"line":41,"column":4},"end":{"line":41,"column":92}},"21":{"start":{"line":43,"column":4},"end":{"line":43,"column":46}},"22":{"start":{"line":44,"column":4},"end":{"line":54,"column":6}},"23":{"start":{"line":45,"column":6},"end":{"line":45,"column":23}},"24":{"start":{"line":46,"column":8},"end":{"line":53,"column":9}},"25":{"start":{"line":47,"column":10},"end":{"line":47,"column":35}},"26":{"start":{"line":49,"column":12},"end":{"line":51,"column":13}},"27":{"start":{"line":52,"column":12},"end":{"line":52,"column":58}},"28":{"start":{"line":58,"column":0},"end":{"line":62,"column":2}}},"branchMap":{"1":{"line":46,"type":"if","locations":[{"start":{"line":46,"column":8},"end":{"line":46,"column":8}},{"start":{"line":46,"column":8},"end":{"line":46,"column":8}}]},"2":{"line":46,"type":"binary-expr","locations":[{"start":{"line":46,"column":12},"end":{"line":46,"column":15}},{"start":{"line":46,"column":19},"end":{"line":46,"column":47}}]}}},"/home/mohammed/Desktop/projects/goBlog/views/helpers/if.js":{"path":"/home/mohammed/Desktop/projects/goBlog/views/helpers/if.js","s":{"1":1,"2":1,"3":0,"4":0,"5":0},"b":{},"f":{"1":0},"fnMap":{"1":{"name":"(anonymous_1)","line":3,"loc":{"start":{"line":3,"column":36},"end":{"line":3,"column":62}}}},"statementMap":{"1":{"start":{"line":2,"column":0},"end":{"line":2,"column":39}},"2":{"start":{"line":3,"column":0},"end":{"line":7,"column":5}},"3":{"start":{"line":4,"column":6},"end":{"line":4,"column":57}},"4":{"start":{"line":5,"column":6},"end":{"line":5,"column":72}},"5":{"start":{"line":6,"column":6},"end":{"line":6,"column":24}}},"branchMap":{}}}