TN:
SF:/home/mohammed/Desktop/projects/goBlog/config/conn.js
FNF:0
FNH:0
DA:2,1
DA:3,1
DA:4,1
DA:5,1
DA:6,1
DA:16,1
DA:17,7
DA:18,7
DA:19,7
DA:20,0
DA:23,7
DA:26,1
DA:27,0
DA:28,0
DA:31,1
DA:33,6
DA:35,1
DA:36,1
DA:38,1
DA:39,0
DA:40,0
DA:43,1
LF:22
LH:17
BRDA:5,1,0,1
BRDA:5,1,1,1
BRDA:14,2,0,0
BRDA:14,2,1,1
BRDA:19,3,0,0
BRDA:19,3,1,7
BRF:6
BRH:4
end_of_record
TN:
SF:/home/mohammed/Desktop/projects/goBlog/config/sql.js
FNF:0
FNH:0
DA:3,1
LF:1
LH:1
BRF:0
BRH:0
end_of_record
TN:
SF:/home/mohammed/Desktop/projects/goBlog/Controllers/articles.js
FN:4,insertData
FN:17,(anonymous_2)
FN:25,(anonymous_3)
FN:46,SelectData
FN:49,(anonymous_5)
FN:60,DeleteData
FN:64,(anonymous_7)
FNF:7
FNH:7
FNDA:1,insertData
FNDA:1,(anonymous_2)
FNDA:1,(anonymous_3)
FNDA:1,SelectData
FNDA:1,(anonymous_5)
FNDA:1,DeleteData
FNDA:1,(anonymous_7)
DA:1,1
DA:2,1
DA:4,1
DA:5,1
DA:6,1
DA:7,1
DA:8,1
DA:9,1
DA:10,1
DA:11,1
DA:14,1
DA:15,1
DA:16,1
DA:17,1
DA:18,1
DA:19,1
DA:20,1
DA:21,1
DA:25,1
DA:26,1
DA:27,1
DA:28,1
DA:36,0
DA:46,1
DA:47,1
DA:48,1
DA:49,1
DA:50,1
DA:51,1
DA:60,1
DA:61,1
DA:62,1
DA:63,1
DA:64,1
DA:65,1
DA:66,1
DA:69,1
DA:72,1
LF:38
LH:37
BRDA:20,1,0,1
BRDA:20,1,1,0
BRDA:20,2,0,1
BRDA:20,2,1,0
BRF:4
BRH:2
end_of_record
TN:
SF:/home/mohammed/Desktop/projects/goBlog/server.js
FN:28,(anonymous_1)
FN:35,(anonymous_2)
FN:40,(anonymous_3)
FNF:3
FNH:3
FNDA:1,(anonymous_1)
FNDA:1,(anonymous_2)
FNDA:8,(anonymous_3)
DA:2,1
DA:4,1
DA:5,1
DA:6,1
DA:7,1
DA:8,1
DA:9,1
DA:12,1
DA:13,1
DA:14,0
DA:17,1
DA:25,1
DA:30,1
DA:33,1
DA:36,1
DA:40,1
DA:41,8
DA:43,1
DA:54,1
DA:55,1
DA:56,0
DA:58,1
DA:61,1
LF:23
LH:21
BRDA:10,1,0,1
BRDA:10,1,1,1
BRDA:13,2,0,0
BRDA:13,2,1,1
BRDA:36,3,0,0
BRDA:36,3,1,1
BRDA:55,4,0,0
BRDA:55,4,1,1
BRF:8
BRH:5
end_of_record
TN:
SF:/home/mohammed/Desktop/projects/goBlog/route.js
FN:31,(anonymous_1)
FN:38,(anonymous_2)
FN:45,(anonymous_3)
FN:53,(anonymous_4)
FN:65,(anonymous_5)
FN:77,(anonymous_6)
FN:84,(anonymous_7)
FNF:7
FNH:7
FNDA:1,(anonymous_1)
FNDA:1,(anonymous_2)
FNDA:1,(anonymous_3)
FNDA:2,(anonymous_4)
FNDA:1,(anonymous_5)
FNDA:1,(anonymous_6)
FNDA:1,(anonymous_7)
DA:2,1
DA:3,1
DA:4,1
DA:5,1
DA:6,1
DA:7,1
DA:8,1
DA:17,1
DA:28,1
DA:32,1
DA:35,1
DA:39,1
DA:42,1
DA:46,1
DA:50,1
DA:54,2
DA:59,2
DA:62,1
DA:66,1
DA:71,1
DA:74,1
DA:78,1
DA:81,1
DA:85,1
DA:88,1
LF:25
LH:25
BRF:0
BRH:0
end_of_record
TN:
SF:/home/mohammed/Desktop/projects/goBlog/Controllers/main.js
FN:4,SelectData
FN:7,(anonymous_2)
FN:21,article
FN:25,(anonymous_4)
FN:38,login
FN:44,(anonymous_6)
FNF:6
FNH:6
FNDA:1,SelectData
FNDA:1,(anonymous_2)
FNDA:1,article
FNDA:1,(anonymous_4)
FNDA:1,login
FNDA:1,(anonymous_6)
DA:1,1
DA:2,1
DA:4,1
DA:5,1
DA:6,1
DA:7,1
DA:8,1
DA:9,1
DA:15,1
DA:21,1
DA:22,1
DA:23,1
DA:24,1
DA:25,1
DA:26,1
DA:32,1
DA:38,1
DA:39,1
DA:40,1
DA:41,1
DA:43,1
DA:44,1
DA:45,1
DA:46,1
DA:47,0
DA:49,1
DA:52,1
DA:58,1
LF:28
LH:27
BRDA:46,1,0,0
BRDA:46,1,1,1
BRDA:46,2,0,1
BRDA:46,2,1,1
BRF:4
BRH:3
end_of_record
TN:
SF:/home/mohammed/Desktop/projects/goBlog/views/helpers/if.js
FN:3,(anonymous_1)
FNF:1
FNH:0
FNDA:0,(anonymous_1)
DA:2,1
DA:3,1
DA:4,0
DA:5,0
DA:6,0
LF:5
LH:2
BRF:0
BRH:0
end_of_record
