TN:
SF:/home/akram/projects/goBlog/server.js
FN:20,(anonymous_1)
FN:24,(anonymous_2)
FNF:2
FNH:2
FNDA:1,(anonymous_1)
FNDA:1,(anonymous_2)
DA:2,1
DA:4,1
DA:5,1
DA:7,1
DA:8,1
DA:9,1
DA:10,1
DA:13,1
DA:14,1
DA:15,0
DA:18,1
DA:21,1
DA:22,1
DA:24,1
DA:25,1
DA:27,1
DA:38,1
DA:39,1
DA:40,0
DA:42,1
DA:45,1
LF:21
LH:19
BRDA:11,1,0,1
BRDA:11,1,1,1
BRDA:14,2,0,0
BRDA:14,2,1,1
BRDA:21,3,0,0
BRDA:21,3,1,1
BRDA:39,4,0,0
BRDA:39,4,1,1
BRF:8
BRH:5
end_of_record
TN:
SF:/home/akram/projects/goBlog/route.js
FN:27,(anonymous_1)
FN:37,(anonymous_2)
FN:49,(anonymous_3)
FN:61,(anonymous_4)
FNF:4
FNH:1
FNDA:1,(anonymous_1)
FNDA:0,(anonymous_2)
FNDA:0,(anonymous_3)
FNDA:0,(anonymous_4)
DA:3,1
DA:4,1
DA:5,1
DA:6,1
DA:7,1
DA:8,1
DA:13,1
DA:24,1
DA:28,1
DA:31,1
DA:34,1
DA:38,0
DA:43,0
DA:46,1
DA:50,0
DA:55,0
DA:58,1
DA:62,0
DA:66,1
LF:19
LH:14
BRF:0
BRH:0
end_of_record
TN:
SF:/home/akram/projects/goBlog/Controllers/articles.js
FN:4,insertData
FN:15,(anonymous_2)
FN:23,(anonymous_3)
FN:43,SelectData
FN:46,(anonymous_5)
FNF:5
FNH:0
FNDA:0,insertData
FNDA:0,(anonymous_2)
FNDA:0,(anonymous_3)
FNDA:0,SelectData
FNDA:0,(anonymous_5)
DA:1,1
DA:2,1
DA:4,1
DA:5,0
DA:6,0
DA:7,0
DA:8,0
DA:9,0
DA:10,0
DA:11,0
DA:12,0
DA:14,0
DA:15,0
DA:16,0
DA:17,0
DA:18,0
DA:19,0
DA:23,0
DA:24,0
DA:25,0
DA:33,0
DA:43,1
DA:44,0
DA:45,0
DA:46,0
DA:47,0
DA:48,0
DA:56,1
LF:28
LH:5
BRDA:18,1,0,0
BRDA:18,1,1,0
BRDA:18,2,0,0
BRDA:18,2,1,0
BRF:4
BRH:0
end_of_record
TN:
SF:/home/akram/projects/goBlog/config/conn.js
FNF:0
FNH:0
DA:2,1
DA:3,1
DA:4,1
DA:5,1
DA:6,1
DA:16,1
DA:17,0
DA:18,0
DA:19,0
DA:20,0
DA:23,0
DA:26,1
DA:27,0
DA:28,0
DA:31,1
DA:33,0
DA:35,1
DA:36,0
DA:39,1
LF:19
LH:10
BRDA:5,1,0,1
BRDA:5,1,1,1
BRDA:14,2,0,0
BRDA:14,2,1,1
BRDA:19,3,0,0
BRDA:19,3,1,0
BRF:6
BRH:3
end_of_record
TN:
SF:/home/akram/projects/goBlog/config/sql.js
FNF:0
FNH:0
DA:3,1
LF:1
LH:1
BRF:0
BRH:0
end_of_record
TN:
SF:/home/akram/projects/goBlog/views/helpers/if.js
FN:3,(anonymous_1)
FNF:1
FNH:0
FNDA:0,(anonymous_1)
DA:1,1
DA:3,1
DA:4,0
DA:5,0
DA:7,0
LF:5
LH:2
BRDA:4,1,0,0
BRDA:4,1,1,0
BRF:2
BRH:0
end_of_record
